#
# There is insufficient memory for the Java Runtime Environment to continue.
# Native memory allocation (mmap) failed to map 264241152 bytes. Error detail: G1 virtual space
# Possible reasons:
#   The system is out of physical RAM or swap space
#   This process is running with CompressedOops enabled, and the Java Heap may be blocking the growth of the native heap
# Possible solutions:
#   Reduce memory load on the system
#   Increase physical memory or swap space
#   Check if swap backing store is full
#   Decrease Java heap size (-Xmx/-Xms)
#   Decrease number of Java threads
#   Decrease Java thread stack sizes (-Xss)
#   Set larger code cache with -XX:ReservedCodeCacheSize=
#   JVM is running with Zero Based Compressed Oops mode in which the Java heap is
#     placed in the first 32GB address space. The Java Heap base address is the
#     maximum limit for the native heap growth. Please use -XX:HeapBaseMinAddress
#     to set the Java Heap base and to place the Java Heap above 32GB virtual address.
# This output file may be truncated or incomplete.
#
#  Out of Memory Error (os_windows.cpp:3707), pid=22488, tid=21656
#
# JRE version:  (23.0.2+7) (build )
# Java VM: Java HotSpot(TM) 64-Bit Server VM (23.0.2+7-58, mixed mode, sharing, tiered, compressed oops, compressed class ptrs, g1 gc, windows-amd64)
# No core dump will be written. Minidumps are not enabled by default on client versions of Windows
#

---------------  S U M M A R Y ------------

Command Line: -Dmaven.multiModuleProjectDirectory=C:\Users\Amir\Desktop\DeepHire -Djansi.passthrough=true -Dmaven.home=C:\Users\Amir\.m2\wrapper\dists\apache-maven-3.9.9-bin\4nf9hui3q3djbarqar9g711ggc\apache-maven-3.9.9 -Dclassworlds.conf=C:\Users\Amir\.m2\wrapper\dists\apache-maven-3.9.9-bin\4nf9hui3q3djbarqar9g711ggc\apache-maven-3.9.9\bin\m2.conf -Dmaven.ext.class.path=C:\Program Files\JetBrains\IntelliJ IDEA 2024.3.3\plugins\maven\lib\maven-event-listener.jar -javaagent:C:\Program Files\JetBrains\IntelliJ IDEA 2024.3.3\lib\idea_rt.jar=54982 -Dfile.encoding=UTF-8 -Dsun.stdout.encoding=UTF-8 -Dsun.stderr.encoding=UTF-8 org.codehaus.classworlds.Launcher -Didea.version=2024.3.5 clean package

Host: 11th Gen Intel(R) Core(TM) i5-1135G7 @ 2.40GHz, 8 cores, 15G,  Windows 11 , 64 bit Build 26100 (10.0.26100.3775)
Time: Sun Apr 20 16:40:20 2025 Romance Daylight Time elapsed time: 0.025131 seconds (0d 0h 0m 0s)

---------------  T H R E A D  ---------------

Current thread (0x0000023609c9a300):  JavaThread "Unknown thread" [_thread_in_vm, id=21656, stack(0x00000036bc800000,0x00000036bc900000) (1024K)]

Stack: [0x00000036bc800000,0x00000036bc900000]
Native frames: (J=compiled Java code, j=interpreted, Vv=VM code, C=native code)
V  [jvm.dll+0x6e0b99]  (no source info available)
V  [jvm.dll+0x87e2b3]  (no source info available)
V  [jvm.dll+0x88073e]  (no source info available)
V  [jvm.dll+0x880e13]  (no source info available)
V  [jvm.dll+0x27b006]  (no source info available)
V  [jvm.dll+0x6dd485]  (no source info available)
V  [jvm.dll+0x6d127a]  (no source info available)
V  [jvm.dll+0x35b50a]  (no source info available)
V  [jvm.dll+0x363916]  (no source info available)
V  [jvm.dll+0x34fe7e]  (no source info available)
V  [jvm.dll+0x350118]  (no source info available)
V  [jvm.dll+0x328aec]  (no source info available)
V  [jvm.dll+0x32978e]  (no source info available)
V  [jvm.dll+0x8449a5]  (no source info available)
V  [jvm.dll+0x3b9a08]  (no source info available)
V  [jvm.dll+0x82d68c]  (no source info available)
V  [jvm.dll+0x454f2e]  (no source info available)
V  [jvm.dll+0x456db1]  (no source info available)
C  [jli.dll+0x52a3]  (no source info available)
C  [ucrtbase.dll+0x37b0]  (no source info available)
C  [KERNEL32.DLL+0x2e8d7]  (no source info available)
C  [ntdll.dll+0xb14fc]  (no source info available)

Lock stack of current Java thread (top to bottom):


---------------  P R O C E S S  ---------------

Threads class SMR info:
_java_thread_list=0x00007ffc64a14618, length=0, elements={
}

Java Threads: ( => current thread )
Total: 0

Other Threads:
  0x000002360bfd6ee0 WorkerThread "GC Thread#0"                     [id=14468, stack(0x00000036bc900000,0x00000036bca00000) (1024K)]
  0x0000023609d5ea10 ConcurrentGCThread "G1 Main Marker"            [id=8684, stack(0x00000036bca00000,0x00000036bcb00000) (1024K)]
  0x000002360bfefa10 WorkerThread "G1 Conc#0"                       [id=2908, stack(0x00000036bcb00000,0x00000036bcc00000) (1024K)]

[error occurred during error reporting (printing all threads), id 0xc0000005, EXCEPTION_ACCESS_VIOLATION (0xc0000005) at pc=0x00007ffc6415c0da]
VM state: not at safepoint (not fully initialized)

VM Mutex/Monitor currently owned by a thread:  ([mutex/lock_event])
[0x00007ffc64a94988] Heap_lock - owner thread: 0x0000023609c9a300

Heap address: 0x0000000704000000, size: 4032 MB, Compressed Oops mode: Zero based, Oop shift amount: 3

CDS archive(s) mapped at: [0x0000000000000000-0x0000000000000000-0x0000000000000000), size 0, SharedBaseAddress: 0x0000000800000000, ArchiveRelocationMode: 1.
Narrow klass base: 0x0000000000000000, Narrow klass shift: 0, Narrow klass range: 0x0

GC Precious Log:
 CardTable entry size: 512
 Card Set container configuration: InlinePtr #cards 4 size 8 Array Of Cards #cards 16 size 48 Howl #buckets 8 coarsen threshold 3686 Howl Bitmap #cards 512 size 80 coarsen threshold 460 Card regions per heap region 1 cards per card region 4096

Heap:
 garbage-first heap   total reserved 4128768K, committed 0K, used 0K [0x0000000704000000, 0x0000000800000000)
  region size 2048K, 0 young (0K), 0 survivors (0K)

[error occurred during error reporting (printing heap information), id 0xc0000005, EXCEPTION_ACCESS_VIOLATION (0xc0000005) at pc=0x00007ffc6455c6a9]
GC Heap History (0 events):
No events

Dll operation events (1 events):
Event: 0.019 Loaded shared library C:\Program Files\Java\jdk-23\bin\java.dll

Deoptimization events (0 events):
No events

Classes loaded (0 events):
No events

Classes unloaded (0 events):
No events

Classes redefined (0 events):
No events

Internal exceptions (0 events):
No events

VM Operations (0 events):
No events

Memory protections (0 events):
No events

Nmethod flushes (0 events):
No events

Events (0 events):
No events


Dynamic libraries:
0x00007ff715160000 - 0x00007ff715170000 	C:\Program Files\Java\jdk-23\bin\java.exe
0x00007ffce42a0000 - 0x00007ffce4500000 	C:\WINDOWS\SYSTEM32\ntdll.dll
0x00007ffce39d0000 - 0x00007ffce3a97000 	C:\WINDOWS\System32\KERNEL32.DLL
0x00007ffce1b30000 - 0x00007ffce1efa000 	C:\WINDOWS\System32\KERNELBASE.dll
0x00007ffce16a0000 - 0x00007ffce17eb000 	C:\WINDOWS\System32\ucrtbase.dll
0x00007ffcc7480000 - 0x00007ffcc749b000 	C:\Program Files\Java\jdk-23\bin\VCRUNTIME140.dll
0x00007ffcb9bf0000 - 0x00007ffcb9c07000 	C:\Program Files\Java\jdk-23\bin\jli.dll
0x00007ffce2e20000 - 0x00007ffce2fec000 	C:\WINDOWS\System32\USER32.dll
0x00007ffcbd5a0000 - 0x00007ffcbd837000 	C:\WINDOWS\WinSxS\amd64_microsoft.windows.common-controls_6595b64144ccf1df_6.0.26100.3624_none_3e086962e3345f24\COMCTL32.dll
0x00007ffce2070000 - 0x00007ffce2097000 	C:\WINDOWS\System32\win32u.dll
0x00007ffce2440000 - 0x00007ffce24e9000 	C:\WINDOWS\System32\msvcrt.dll
0x00007ffce4230000 - 0x00007ffce425a000 	C:\WINDOWS\System32\GDI32.dll
0x00007ffce1880000 - 0x00007ffce19b1000 	C:\WINDOWS\System32\gdi32full.dll
0x00007ffce1fc0000 - 0x00007ffce2063000 	C:\WINDOWS\System32\msvcp_win.dll
0x00007ffce2de0000 - 0x00007ffce2e0f000 	C:\WINDOWS\System32\IMM32.DLL
0x00007ffcd0b00000 - 0x00007ffcd0b0c000 	C:\Program Files\Java\jdk-23\bin\vcruntime140_1.dll
0x00007ffc96640000 - 0x00007ffc966ce000 	C:\Program Files\Java\jdk-23\bin\msvcp140.dll
0x00007ffc63e20000 - 0x00007ffc64b70000 	C:\Program Files\Java\jdk-23\bin\server\jvm.dll
0x00007ffce3190000 - 0x00007ffce3242000 	C:\WINDOWS\System32\ADVAPI32.dll
0x00007ffce2600000 - 0x00007ffce26a6000 	C:\WINDOWS\System32\sechost.dll
0x00007ffce3250000 - 0x00007ffce3366000 	C:\WINDOWS\System32\RPCRT4.dll
0x00007ffce4140000 - 0x00007ffce41b4000 	C:\WINDOWS\System32\WS2_32.dll
0x00007ffcd8320000 - 0x00007ffcd8356000 	C:\WINDOWS\SYSTEM32\WINMM.dll
0x00007ffce00f0000 - 0x00007ffce014e000 	C:\WINDOWS\SYSTEM32\POWRPROF.dll
0x00007ffcd0660000 - 0x00007ffcd066b000 	C:\WINDOWS\SYSTEM32\VERSION.dll
0x00007ffce00d0000 - 0x00007ffce00e4000 	C:\WINDOWS\SYSTEM32\UMPDC.dll
0x00007ffce03b0000 - 0x00007ffce03ca000 	C:\WINDOWS\SYSTEM32\kernel.appcore.dll
0x00007ffcd0a60000 - 0x00007ffcd0a6a000 	C:\Program Files\Java\jdk-23\bin\jimage.dll
0x00007ffcdec80000 - 0x00007ffcdeec1000 	C:\WINDOWS\SYSTEM32\DBGHELP.DLL
0x00007ffce3aa0000 - 0x00007ffce3e22000 	C:\WINDOWS\System32\combase.dll
0x00007ffce24f0000 - 0x00007ffce25c6000 	C:\WINDOWS\System32\OLEAUT32.dll
0x00007ffcb0690000 - 0x00007ffcb06c9000 	C:\WINDOWS\SYSTEM32\dbgcore.DLL
0x00007ffce1600000 - 0x00007ffce1699000 	C:\WINDOWS\System32\bcryptPrimitives.dll
0x00007ffcc2290000 - 0x00007ffcc229f000 	C:\Program Files\Java\jdk-23\bin\instrument.dll
0x00007ffcafab0000 - 0x00007ffcaface000 	C:\Program Files\Java\jdk-23\bin\java.dll
0x00007ffce2ff0000 - 0x00007ffce3186000 	C:\WINDOWS\System32\ole32.dll
0x00007ffce26b0000 - 0x00007ffce2dd9000 	C:\WINDOWS\System32\SHELL32.dll
0x00007ffce19c0000 - 0x00007ffce1b28000 	C:\WINDOWS\System32\wintypes.dll

dbghelp: loaded successfully - version: 4.0.5 - missing functions: none
symbol engine: initialized successfully - sym options: 0x614 - pdb path: .;C:\Program Files\Java\jdk-23\bin;C:\WINDOWS\SYSTEM32;C:\WINDOWS\WinSxS\amd64_microsoft.windows.common-controls_6595b64144ccf1df_6.0.26100.3624_none_3e086962e3345f24;C:\Program Files\Java\jdk-23\bin\server

VM Arguments:
jvm_args: -Dmaven.multiModuleProjectDirectory=C:\Users\Amir\Desktop\DeepHire -Djansi.passthrough=true -Dmaven.home=C:\Users\Amir\.m2\wrapper\dists\apache-maven-3.9.9-bin\4nf9hui3q3djbarqar9g711ggc\apache-maven-3.9.9 -Dclassworlds.conf=C:\Users\Amir\.m2\wrapper\dists\apache-maven-3.9.9-bin\4nf9hui3q3djbarqar9g711ggc\apache-maven-3.9.9\bin\m2.conf -Dmaven.ext.class.path=C:\Program Files\JetBrains\IntelliJ IDEA 2024.3.3\plugins\maven\lib\maven-event-listener.jar -javaagent:C:\Program Files\JetBrains\IntelliJ IDEA 2024.3.3\lib\idea_rt.jar=54982 -Dfile.encoding=UTF-8 -Dsun.stdout.encoding=UTF-8 -Dsun.stderr.encoding=UTF-8 
java_command: org.codehaus.classworlds.Launcher -Didea.version=2024.3.5 clean package
java_class_path (initial): C:\Users\Amir\.m2\wrapper\dists\apache-maven-3.9.9-bin\4nf9hui3q3djbarqar9g711ggc\apache-maven-3.9.9\boot\plexus-classworlds-2.8.0.jar;C:\Users\Amir\.m2\wrapper\dists\apache-maven-3.9.9-bin\4nf9hui3q3djbarqar9g711ggc\apache-maven-3.9.9\boot\plexus-classworlds.license
Launcher Type: SUN_STANDARD

[Global flags]
     intx CICompilerCount                          = 4                                         {product} {ergonomic}
     uint ConcGCThreads                            = 2                                         {product} {ergonomic}
     uint G1ConcRefinementThreads                  = 8                                         {product} {ergonomic}
   size_t G1HeapRegionSize                         = 2097152                                   {product} {ergonomic}
   size_t InitialHeapSize                          = 264241152                                 {product} {ergonomic}
   size_t MarkStackSize                            = 4194304                                   {product} {ergonomic}
   size_t MarkStackSizeMax                         = 536870912                                 {product} {ergonomic}
   size_t MaxHeapSize                              = 4227858432                                {product} {ergonomic}
   size_t MinHeapDeltaBytes                        = 2097152                                   {product} {ergonomic}
   size_t MinHeapSize                              = 8388608                                   {product} {ergonomic}
    uintx NonNMethodCodeHeapSize                   = 5832704                                {pd product} {ergonomic}
    uintx NonProfiledCodeHeapSize                  = 122945536                              {pd product} {ergonomic}
    uintx ProfiledCodeHeapSize                     = 122880000                              {pd product} {ergonomic}
    uintx ReservedCodeCacheSize                    = 251658240                              {pd product} {ergonomic}
     bool SegmentedCodeCache                       = true                                      {product} {ergonomic}
   size_t SoftMaxHeapSize                          = 4227858432                             {manageable} {ergonomic}
     bool UseCompressedOops                        = true                           {product lp64_product} {ergonomic}
     bool UseG1GC                                  = true                                      {product} {ergonomic}
     bool UseLargePagesIndividualAllocation        = false                                  {pd product} {ergonomic}

Logging:
Log output configuration:
 #0: stdout all=warning uptime,level,tags foldmultilines=false
 #1: stderr all=off uptime,level,tags foldmultilines=false

Environment Variables:
PATH=C:\Program Files (x86)\VMware\VMware Workstation\bin\;C:\Program Files\Common Files\Oracle\Java\javapath;C:\WINDOWS\system32;C:\WINDOWS;C:\WINDOWS\System32\Wbem;C:\WINDOWS\System32\WindowsPowerShell\v1.0\;C:\WINDOWS\System32\OpenSSH\;C:\Program Files\Microsoft SQL Server\150\Tools\Binn\;C:\Program Files\nodejs\;D:\Git\cmd;C:\Program Files\Docker\Docker\resources\bin;C:\Program Files\Microsoft SQL Server\110\DTS\Binn\;C:\Program Files (x86)\Microsoft SQL Server\110\Tools\Binn\;C:\Program Files\Microsoft SQL Server\110\Tools\Binn\;C:\Program Files (x86)\Microsoft SQL Server\110\Tools\Binn\ManagementStudio\;C:\Program Files (x86)\Microsoft Visual Studio 10.0\Common7\IDE\PrivateAssemblies\;C:\Program Files (x86)\Microsoft SQL Server\110\DTS\Binn\;C:\Program Files\Microsoft SQL Server\Client SDK\ODBC\170\Tools\Binn\;C:\Program Files\dotnet\;C:\Program Files (x86)\Windows Kits\10\Windows Performance Toolkit\;D:\ckad\minikube;C:\Users\Amir\AppData\Local\Programs\Python\Python310\Scripts\;C:\Users\Amir\AppData\Local\Programs\Python\Python310\;C:\Users\Amir\AppData\Local\Programs\Python\Python313\Scripts\;C:\Users\Amir\AppData\Local\Programs\Python\Python313\;C:\Users\Amir\AppData\Local\Microsoft\WindowsApps;C:\Program Files\JetBrains\IntelliJ IDEA 2024.3.3\bin;C:\Users\Amir\AppData\Roaming\npm;C:\Users\Amir\AppData\Local\Programs\Microsoft VS Code\bin;C:\Users\Amir\AppData\Local\Programs\mongosh\;C:\Users\Amir\.dotnet\tools;C:\Program Files\Vim\vim91;d:\cursor\resources\app\bin;C:\Users\Amir\AppData\Local\Programs\Python\Python310\Scripts\;C:\Users\Amir\AppData\Local\Programs\Python\Python310\;C:\Users\Amir\AppData\Local\Programs\Python\Python313\Scripts\;C:\Users\Amir\AppData\Local\Programs\Python\Python313\;C:\Users\Amir\AppData\Local\Microsoft\WindowsApps;;C:\Program Files\JetBrains\IntelliJ IDEA 2024.3.3\bin;;C:\Users\Amir\AppData\Roaming\npm;C:\Users\Amir\AppData\Local\Programs\Microsoft VS Code\bin;C:\Users\Amir\AppData\Local\Programs\mongosh\;C:\Users\Amir\.dotnet\tools;D:\cursor\resources\app\bin
USERNAME=Amir
OS=Windows_NT
PROCESSOR_IDENTIFIER=Intel64 Family 6 Model 140 Stepping 1, GenuineIntel
TMP=C:\Users\Amir\AppData\Local\Temp
TEMP=C:\Users\Amir\AppData\Local\Temp




Periodic native trim disabled

---------------  S Y S T E M  ---------------

OS:
 Windows 11 , 64 bit Build 26100 (10.0.26100.3775)
OS uptime: 0 days 2:06 hours
Hyper-V role detected

CPU: total 8 (initial active 8) (4 cores per cpu, 2 threads per core) family 6 model 140 stepping 1 microcode 0xac, cx8, cmov, fxsr, ht, mmx, 3dnowpref, sse, sse2, sse3, ssse3, sse4.1, sse4.2, popcnt, lzcnt, tsc, tscinvbit, avx, avx2, aes, erms, clmul, bmi1, bmi2, adx, avx512f, avx512dq, avx512cd, avx512bw, avx512vl, sha, fma, vzeroupper, avx512_vpopcntdq, avx512_vpclmulqdq, avx512_vaes, avx512_vnni, clflush, clflushopt, clwb, avx512_vbmi2, avx512_vbmi, hv, rdtscp, rdpid, fsrm, gfni, avx512_bitalg, f16c, cet_ibt, cet_ss, avx512_ifma
Processor Information for the first 8 processors :
  Max Mhz: 2419, Current Mhz: 2419, Mhz Limit: 2419

Memory: 4k page, system-wide physical 16124M (2510M free)
TotalPageFile size 21847M (AvailPageFile size 252M)
current process WorkingSet (physical memory assigned to process): 13M, peak: 13M
current process commit charge ("private bytes"): 61M, peak: 312M

vm_info: Java HotSpot(TM) 64-Bit Server VM (23.0.2+7-58) for windows-amd64 JRE (23.0.2+7-58), built on 2024-11-29T09:34:55Z with MS VC++ 17.6 (VS2022)

END.
